<?xml version="1.0" encoding="UTF-8"?>
<!-- Generated by org.testng.reporters.JUnitXMLReporter -->
<testsuite ignored="0" hostname="DESKTOP-UCD2CKU" failures="0" tests="4" name="Default test" time="2.409" errors="0" timestamp="2024-10-23T15:28:27 EET">
  <testcase classname="MyTestCases" name="CheckEngLanguageIsDefault" time="0.042"/>
  <testcase classname="MyTestCases" name="CheckSARCurrencyIsDefault" time="0.025"/>
  <testcase classname="MyTestCases" name="CheckContactNumberIsCorrect" time="0.018"/>
  <testcase classname="MyTestCases" name="CheckQitafLogo" time="0.018"/>
</testsuite> <!-- Default test -->
