<?xml version="1.0" encoding="UTF-8"?>
<!-- Generated by org.testng.reporters.JUnitXMLReporter -->
<testsuite ignored="8" hostname="DESKTOP-UCD2CKU" failures="0" tests="1" name="Default test" time="2.783" errors="0" timestamp="2024-11-14T09:56:34 EET">
  <testcase classname="MyTestCases" name="CheckEngLanguageIsDefault" time="0.325"/>
  <testcase classname="MyTestCases" name="CheckFlightDepartureDate" time="0.0">
    <ignored/>
  </testcase> <!-- CheckFlightDepartureDate -->
  <testcase classname="MyTestCases" name="CheckHotelsNotSelected" time="0.0">
    <ignored/>
  </testcase> <!-- CheckHotelsNotSelected -->
  <testcase classname="MyTestCases" name="CheckLanguage" time="0.0">
    <ignored/>
  </testcase> <!-- CheckLanguage -->
  <testcase classname="MyTestCases" name="CheckSortOption" time="0.0">
    <ignored/>
  </testcase> <!-- CheckSortOption -->
  <testcase classname="MyTestCases" name="CheckQitafLogo" time="0.0">
    <ignored/>
  </testcase> <!-- CheckQitafLogo -->
  <testcase classname="MyTestCases" name="CheckSARCurrencyIsDefault" time="0.0">
    <ignored/>
  </testcase> <!-- CheckSARCurrencyIsDefault -->
  <testcase classname="MyTestCases" name="CheckContactNumberIsCorrect" time="0.0">
    <ignored/>
  </testcase> <!-- CheckContactNumberIsCorrect -->
  <testcase classname="MyTestCases" name="CheckFlightReturnDate" time="0.0">
    <ignored/>
  </testcase> <!-- CheckFlightReturnDate -->
</testsuite> <!-- Default test -->
