<?xml version="1.0" encoding="UTF-8"?>
<testng-results ignored="8" total="9" passed="1" failed="0" skipped="0">
  <reporter-output>
  </reporter-output>
  <suite started-at="2024-11-14T09:56:31 EET" name="Default suite" finished-at="2024-11-14T09:56:34 EET" duration-ms="2783">
    <groups>
    </groups>
    <test started-at="2024-11-14T09:56:31 EET" name="Default test" finished-at="2024-11-14T09:56:34 EET" duration-ms="2783">
      <class name="MyTestCases">
        <test-method is-config="true" signature="mySetup()[pri:0, instance:MyTestCases@5f6722d3]" started-at="2024-11-14T09:56:31 EET" name="mySetup" finished-at="2024-11-14T09:56:34 EET" duration-ms="2433" status="PASS">
          <reporter-output>
          </reporter-output>
        </test-method> <!-- mySetup -->
        <test-method signature="CheckEngLanguageIsDefault()[pri:1, instance:MyTestCases@5f6722d3]" started-at="2024-11-14T09:56:34 EET" name="CheckEngLanguageIsDefault" finished-at="2024-11-14T09:56:34 EET" duration-ms="325" status="PASS">
          <reporter-output>
          </reporter-output>
        </test-method> <!-- CheckEngLanguageIsDefault -->
      </class> <!-- MyTestCases -->
    </test> <!-- Default test -->
  </suite> <!-- Default suite -->
</testng-results>
